This is pdfTeX, Version 3.14159265-2.6-1.40.19 (TeX Live 2018) (preloaded format=pdflatex 2023.6.21)  15 DEC 2023 15:28
entering extended mode
 restricted \write18 enabled.
 %&-line parsing enabled.
**02_Advenction_and_Diffusion.tex
(./02_Advenction_and_Diffusion.tex
LaTeX2e <2017-04-15>
Babel <3.17> and hyphenation patterns for 3 language(s) loaded.
(./tufte-handout.cls
Document Class: tufte-handout 2015/06/21 v3.5.2 Tufte-handout class
(./tufte-common.def
File: tufte-common.def 2015/06/21 v3.5.2 Common code for the Tufte-LaTeX styles


(/usr/share/texlive/texmf-dist/tex/latex/xkeyval/xkeyval.sty
Package: xkeyval 2014/12/03 v2.7a package option processing (HA)

(/usr/share/texlive/texmf-dist/tex/generic/xkeyval/xkeyval.tex
(/usr/share/texlive/texmf-dist/tex/generic/xkeyval/xkvutils.tex
\XKV@toks=\toks14
\XKV@tempa@toks=\toks15

(/usr/share/texlive/texmf-dist/tex/generic/xkeyval/keyval.tex))
\XKV@depth=\count79
File: xkeyval.tex 2014/12/03 v2.7a key=value parser (HA)
))
(/usr/share/texlive/texmf-dist/tex/latex/xifthen/xifthen.sty
Package: xifthen 2015/11/05 v1.4.0 Extended ifthen features

(/usr/share/texlive/texmf-dist/tex/latex/tools/calc.sty
Package: calc 2014/10/28 v4.3 Infix arithmetic (KKT,FJ)
\calc@Acount=\count80
\calc@Bcount=\count81
\calc@Adimen=\dimen102
\calc@Bdimen=\dimen103
\calc@Askip=\skip41
\calc@Bskip=\skip42
LaTeX Info: Redefining \setlength on input line 80.
LaTeX Info: Redefining \addtolength on input line 81.
\calc@Ccount=\count82
\calc@Cskip=\skip43
)
(/usr/share/texlive/texmf-dist/tex/latex/base/ifthen.sty
Package: ifthen 2014/09/29 v1.1c Standard LaTeX ifthen package (DPC)
)
(/usr/share/texlive/texmf-dist/tex/latex/ifmtarg/ifmtarg.sty
Package: ifmtarg 2009/09/02 v1.2a check for an empty argument
)) (./hardwrap.sty
Package: hardwrap 2011/02/12 v0.2 Hard wrap messages

(/usr/share/texlive/texmf-dist/tex/latex/ifplatform/ifplatform.sty
Package: ifplatform 2017/10/13 v0.4a Testing for the operating system

(/usr/share/texlive/texmf-dist/tex/latex/tools/shellesc.sty
Package: shellesc 2016/06/07 v0.02a unified shell escape interface for LaTeX
Package shellesc Info: Restricted shell escape enabled on input line 69.
)
(/usr/share/texlive/texmf-dist/tex/generic/oberdiek/pdftexcmds.sty
Package: pdftexcmds 2017/03/19 v0.25 Utility functions of pdfTeX for LuaTeX (HO
)

(/usr/share/texlive/texmf-dist/tex/generic/oberdiek/infwarerr.sty
Package: infwarerr 2016/05/16 v1.4 Providing info/warning/error messages (HO)
)
(/usr/share/texlive/texmf-dist/tex/generic/oberdiek/ifluatex.sty
Package: ifluatex 2016/05/16 v1.4 Provides the ifluatex switch (HO)
Package ifluatex Info: LuaTeX not detected.
)
(/usr/share/texlive/texmf-dist/tex/generic/oberdiek/ltxcmds.sty
Package: ltxcmds 2016/05/16 v1.23 LaTeX kernel commands for general use (HO)
)
(/usr/share/texlive/texmf-dist/tex/generic/oberdiek/ifpdf.sty
Package: ifpdf 2017/03/15 v3.2 Provides the ifpdf switch
)
Package pdftexcmds Info: LuaTeX not detected.
Package pdftexcmds Info: \pdf@primitive is available.
Package pdftexcmds Info: \pdf@ifprimitive is available.
Package pdftexcmds Info: \pdfdraftmode found.
)
(/usr/share/texlive/texmf-dist/tex/generic/oberdiek/catchfile.sty
Package: catchfile 2016/05/16 v1.7 Catch the contents of a file (HO)

(/usr/share/texlive/texmf-dist/tex/generic/oberdiek/etexcmds.sty
Package: etexcmds 2016/05/16 v1.6 Avoid name clashes with e-TeX commands (HO)
Package etexcmds Info: Could not find \expanded.
(etexcmds)             That can mean that you are not using pdfTeX 1.50 or
(etexcmds)             that some package has redefined \expanded.
(etexcmds)             In the latter case, load this package earlier.
))

Package ifplatform Warning: 
    shell escape is disabled, so I can only detect \ifwindows.

) (/usr/share/texlive/texmf-dist/tex/generic/ifxetex/ifxetex.sty
Package: ifxetex 2010/09/12 v0.6 Provides ifxetex conditional
)
\hw@charcount=\count83
\hw@wordcount=\count84
\hw@maxprintline=\count85

(|kpsewhich -var-value=max_print_line))
Class tufte-handout Info: Loading the base class `article'

(/usr/share/texlive/texmf-dist/tex/latex/base/article.cls
Document Class: article 2014/09/29 v1.4h Standard LaTeX document class
(/usr/share/texlive/texmf-dist/tex/latex/base/size10.clo
File: size10.clo 2014/09/29 v1.4h Standard LaTeX file (size option)
)
\c@part=\count86
\c@section=\count87
\c@subsection=\count88
\c@subsubsection=\count89
\c@paragraph=\count90
\c@subparagraph=\count91
\c@figure=\count92
\c@table=\count93
\abovecaptionskip=\skip44
\belowcaptionskip=\skip45
\bibindent=\dimen104
)
(/usr/share/texlive/texmf-dist/tex/latex/titlesec/titlesec.sty
Package: titlesec 2016/03/21 v2.10.2 Sectioning titles
\ttl@box=\box26
\beforetitleunit=\skip46
\aftertitleunit=\skip47
\ttl@plus=\dimen105
\ttl@minus=\dimen106
\ttl@toksa=\toks16
\titlewidth=\dimen107
\titlewidthlast=\dimen108
\titlewidthfirst=\dimen109
)
(/usr/share/texlive/texmf-dist/tex/latex/titlesec/titletoc.sty
Package: titletoc 2011/12/15 v1.6 TOC entries
\ttl@leftsep=\dimen110
)
(/usr/share/texlive/texmf-dist/tex/latex/hyperref/hyperref.sty
Package: hyperref 2017/03/14 v6.85a Hypertext links for LaTeX

(/usr/share/texlive/texmf-dist/tex/generic/oberdiek/hobsub-hyperref.sty
Package: hobsub-hyperref 2016/05/16 v1.14 Bundle oberdiek, subset hyperref (HO)


(/usr/share/texlive/texmf-dist/tex/generic/oberdiek/hobsub-generic.sty
Package: hobsub-generic 2016/05/16 v1.14 Bundle oberdiek, subset generic (HO)
Package: hobsub 2016/05/16 v1.14 Construct package bundles (HO)
Package hobsub Info: Skipping package `infwarerr' (already loaded).
Package hobsub Info: Skipping package `ltxcmds' (already loaded).
Package hobsub Info: Skipping package `ifluatex' (already loaded).
Package: ifvtex 2016/05/16 v1.6 Detect VTeX and its facilities (HO)
Package ifvtex Info: VTeX not detected.
Package: intcalc 2016/05/16 v1.2 Expandable calculations with integers (HO)
Package hobsub Info: Skipping package `ifpdf' (already loaded).
Package hobsub Info: Skipping package `etexcmds' (already loaded).
Package: kvsetkeys 2016/05/16 v1.17 Key value parser (HO)
Package: kvdefinekeys 2016/05/16 v1.4 Define keys (HO)
Package hobsub Info: Skipping package `pdftexcmds' (already loaded).
Package: pdfescape 2016/05/16 v1.14 Implements pdfTeX's escape features (HO)
Package: bigintcalc 2016/05/16 v1.4 Expandable calculations on big integers (HO
)
Package: bitset 2016/05/16 v1.2 Handle bit-vector datatype (HO)
Package: uniquecounter 2016/05/16 v1.3 Provide unlimited unique counter (HO)
)
Package hobsub Info: Skipping package `hobsub' (already loaded).
Package: letltxmacro 2016/05/16 v1.5 Let assignment for LaTeX macros (HO)
Package: hopatch 2016/05/16 v1.3 Wrapper for package hooks (HO)
Package: xcolor-patch 2016/05/16 xcolor patch
Package: atveryend 2016/05/16 v1.9 Hooks at the very end of document (HO)
Package atveryend Info: \enddocument detected (standard20110627).
Package: atbegshi 2016/06/09 v1.18 At begin shipout hook (HO)
Package: refcount 2016/05/16 v3.5 Data extraction from label references (HO)
Package: hycolor 2016/05/16 v1.8 Color options for hyperref/bookmark (HO)
)
(/usr/share/texlive/texmf-dist/tex/latex/oberdiek/auxhook.sty
Package: auxhook 2016/05/16 v1.4 Hooks for auxiliary files (HO)
)
(/usr/share/texlive/texmf-dist/tex/latex/oberdiek/kvoptions.sty
Package: kvoptions 2016/05/16 v3.12 Key value format for package options (HO)
)
\@linkdim=\dimen111
\Hy@linkcounter=\count94
\Hy@pagecounter=\count95

(/usr/share/texlive/texmf-dist/tex/latex/hyperref/pd1enc.def
File: pd1enc.def 2017/03/14 v6.85a Hyperref: PDFDocEncoding definition (HO)
)
\Hy@SavedSpaceFactor=\count96

(/usr/share/texlive/texmf-dist/tex/latex/latexconfig/hyperref.cfg
File: hyperref.cfg 2002/06/06 v1.2 hyperref configuration of TeXLive
)
Package hyperref Info: Option `unicode' set `true' on input line 4374.

(/usr/share/texlive/texmf-dist/tex/latex/hyperref/puenc.def
File: puenc.def 2017/03/14 v6.85a Hyperref: PDF Unicode definition (HO)
)
Package hyperref Info: Option `hyperfootnotes' set `false' on input line 4374.
Package hyperref Info: Hyper figures OFF on input line 4498.
Package hyperref Info: Link nesting OFF on input line 4503.
Package hyperref Info: Hyper index ON on input line 4506.
Package hyperref Info: Plain pages OFF on input line 4513.
Package hyperref Info: Backreferencing OFF on input line 4518.
Package hyperref Info: Implicit mode ON; LaTeX internals redefined.
Package hyperref Info: Bookmarks ON on input line 4751.
\c@Hy@tempcnt=\count97

(/usr/share/texlive/texmf-dist/tex/latex/url/url.sty
\Urlmuskip=\muskip10
Package: url 2013/09/16  ver 3.4  Verb mode for urls, etc.
)
LaTeX Info: Redefining \url on input line 5104.
\XeTeXLinkMargin=\dimen112
\Fld@menulength=\count98
\Field@Width=\dimen113
\Fld@charsize=\dimen114
Package hyperref Info: Hyper figures OFF on input line 6358.
Package hyperref Info: Link nesting OFF on input line 6363.
Package hyperref Info: Hyper index ON on input line 6366.
Package hyperref Info: backreferencing OFF on input line 6373.
Package hyperref Info: Link coloring OFF on input line 6378.
Package hyperref Info: Link coloring with OCG OFF on input line 6383.
Package hyperref Info: PDF/A mode OFF on input line 6388.
LaTeX Info: Redefining \ref on input line 6428.
LaTeX Info: Redefining \pageref on input line 6432.
\Hy@abspage=\count99
\c@Item=\count100
)

Package hyperref Message: Driver (autodetected): hpdftex.

(/usr/share/texlive/texmf-dist/tex/latex/hyperref/hpdftex.def
File: hpdftex.def 2017/03/14 v6.85a Hyperref driver for pdfTeX
\Fld@listcount=\count101
\c@bookmark@seq@number=\count102

(/usr/share/texlive/texmf-dist/tex/latex/oberdiek/rerunfilecheck.sty
Package: rerunfilecheck 2016/05/16 v1.8 Rerun checks for auxiliary files (HO)
Package uniquecounter Info: New unique counter `rerunfilecheck' on input line 2
82.
)
\Hy@SectionHShift=\skip48
)
(/usr/share/texlive/texmf-dist/tex/latex/ms/ragged2e.sty
Package: ragged2e 2009/05/21 v2.1 ragged2e Package (MS)

(/usr/share/texlive/texmf-dist/tex/latex/ms/everysel.sty
Package: everysel 2011/10/28 v1.2 EverySelectfont Package (MS)
)
\CenteringLeftskip=\skip49
\RaggedLeftLeftskip=\skip50
\RaggedRightLeftskip=\skip51
\CenteringRightskip=\skip52
\RaggedLeftRightskip=\skip53
\RaggedRightRightskip=\skip54
\CenteringParfillskip=\skip55
\RaggedLeftParfillskip=\skip56
\RaggedRightParfillskip=\skip57
\JustifyingParfillskip=\skip58
\CenteringParindent=\skip59
\RaggedLeftParindent=\skip60
\RaggedRightParindent=\skip61
\JustifyingParindent=\skip62
)
(/usr/share/texlive/texmf-dist/tex/latex/geometry/geometry.sty
Package: geometry 2010/09/12 v5.6 Page Geometry
\Gm@cnth=\count103
\Gm@cntv=\count104
\c@Gm@tempcnt=\count105
\Gm@bindingoffset=\dimen115
\Gm@wd@mp=\dimen116
\Gm@odd@mp=\dimen117
\Gm@even@mp=\dimen118
\Gm@layoutwidth=\dimen119
\Gm@layoutheight=\dimen120
\Gm@layouthoffset=\dimen121
\Gm@layoutvoffset=\dimen122
\Gm@dimlist=\toks17
)
(/usr/share/texlive/texmf-dist/tex/latex/changepage/changepage.sty
Package: changepage 2009/10/20 v1.0c check page and change page layout
\c@cp@cntr=\count106
\cp@tempcnt=\count107
)
\@tufte@overhang=\skip63
\@tufte@fullwidth=\skip64
\@tufte@caption@fill=\skip65

(/usr/share/texlive/texmf-dist/tex/latex/paralist/paralist.sty
Package: paralist 2017/01/22 v2.7 Extended list environments
\pltopsep=\skip66
\plpartopsep=\skip67
\plitemsep=\skip68
\plparsep=\skip69
\pl@lab=\toks18
)
(/usr/share/texlive/texmf-dist/tex/latex/textcase/textcase.sty
Package: textcase 2004/10/07 v0.07 Text only upper/lower case changing (DPC)
)
(/usr/share/texlive/texmf-dist/tex/latex/microtype/letterspace.sty
Package: letterspace 2017/07/07 v2.7 Robust letterspacing (RS)
LaTeX Info: Redefining \lsstyle on input line 345.
LaTeX Info: Redefining \lslig on input line 346.
LaTeX Info: Redefining \textls on input line 371.
\MT@outer@kern=\dimen123
)
(/usr/share/texlive/texmf-dist/tex/latex/setspace/setspace.sty
Package: setspace 2011/12/19 v6.7a set line spacing
)
(/usr/share/texlive/texmf-dist/tex/latex/xcolor/xcolor.sty
Package: xcolor 2016/05/11 v2.12 LaTeX color extensions (UK)

(/usr/share/texlive/texmf-dist/tex/latex/graphics-cfg/color.cfg
File: color.cfg 2016/01/02 v1.6 sample color configuration
)
Package xcolor Info: Package option `usenames' ignored on input line 216.
Package xcolor Info: Driver file: pdftex.def on input line 225.

(/usr/share/texlive/texmf-dist/tex/latex/graphics-def/pdftex.def
File: pdftex.def 2017/06/24 v1.0g Graphics/color driver for pdftex
)
Package xcolor Info: Model `cmy' substituted by `cmy0' on input line 1348.
Package xcolor Info: Model `hsb' substituted by `rgb' on input line 1352.
Package xcolor Info: Model `RGB' extended on input line 1364.
Package xcolor Info: Model `HTML' substituted by `rgb' on input line 1366.
Package xcolor Info: Model `Hsb' substituted by `hsb' on input line 1367.
Package xcolor Info: Model `tHsb' substituted by `hsb' on input line 1368.
Package xcolor Info: Model `HSB' substituted by `hsb' on input line 1369.
Package xcolor Info: Model `Gray' substituted by `gray' on input line 1370.
Package xcolor Info: Model `wave' substituted by `hsb' on input line 1371.

(/usr/share/texlive/texmf-dist/tex/latex/graphics/dvipsnam.def
File: dvipsnam.def 2016/06/17 v3.0m Driver-dependent file (DPC,SPQR)
)
(/usr/share/texlive/texmf-dist/tex/latex/xcolor/svgnam.def
File: svgnam.def 2016/05/11 v2.12 Predefined colors according to SVG 1.1 (UK)
))
(/usr/share/texlive/texmf-dist/tex/latex/natbib/natbib.sty
Package: natbib 2010/09/13 8.31b (PWD, AO)
\bibhang=\skip70
\bibsep=\skip71
LaTeX Info: Redefining \cite on input line 694.
\c@NAT@ctr=\count108
)
(/usr/share/texlive/texmf-dist/tex/latex/natbib/bibentry.sty
Package: bibentry 2007/10/30 1.5 (PWD)
)
No file 02_Advenction_and_Diffusion.bbl.
\c@@tufte@num@bibkeys=\count109
(/usr/share/texlive/texmf-dist/tex/latex/sauerj/optparams.sty
Package: optparams 2004/08/14 v0.9 multiple optional parameters in macros
)
\@tufte@sidenote@vertical@offset=\skip72

(/usr/share/texlive/texmf-dist/tex/latex/placeins/placeins.sty
Package: placeins 2005/04/18  v 2.2
)
\@tufte@margin@floatbox=\box27
\@tufte@figure@box=\box28
\@tufte@caption@box=\box29
\@tufte@caption@vertical@offset=\skip73
\@tufte@float@contents@width=\skip74

(/usr/share/texlive/texmf-dist/tex/latex/psnfss/mathpazo.sty
Package: mathpazo 2005/04/12 PSNFSS-v9.2a Palatino w/ Pazo Math (D.Puga, WaS) 
\symupright=\mathgroup4
)
(/usr/share/texlive/texmf-dist/tex/latex/psnfss/helvet.sty
Package: helvet 2005/04/12 PSNFSS-v9.2a (WaS) 
)
(/usr/share/texlive/texmf-dist/tex/latex/bera/beramono.sty
Package: beramono 2004/01/31 (WaS)
)
(/usr/share/texlive/texmf-dist/tex/latex/base/fontenc.sty
Package: fontenc 2017/04/05 v2.0i Standard LaTeX package

(/usr/share/texlive/texmf-dist/tex/latex/base/t1enc.def
File: t1enc.def 2017/04/05 v2.0i Standard LaTeX file
LaTeX Font Info:    Redeclaring font encoding T1 on input line 48.
))
(/usr/share/texlive/texmf-dist/tex/latex/base/textcomp.sty
Package: textcomp 2017/04/05 v2.0i Standard LaTeX package
Package textcomp Info: Sub-encoding information:
(textcomp)               5 = only ISO-Adobe without \textcurrency
(textcomp)               4 = 5 + \texteuro
(textcomp)               3 = 4 + \textohm
(textcomp)               2 = 3 + \textestimated + \textcurrency
(textcomp)               1 = TS1 - \textcircled - \t
(textcomp)               0 = TS1 (full)
(textcomp)             Font families with sub-encoding setting implement
(textcomp)             only a restricted character set as indicated.
(textcomp)             Family '?' is the default used for unknown fonts.
(textcomp)             See the documentation for details.
Package textcomp Info: Setting ? sub-encoding to TS1/1 on input line 79.

(/usr/share/texlive/texmf-dist/tex/latex/base/ts1enc.def
File: ts1enc.def 2001/06/05 v3.0e (jk/car/fm) Standard LaTeX file
)
LaTeX Info: Redefining \oldstylenums on input line 334.
Package textcomp Info: Setting cmr sub-encoding to TS1/0 on input line 349.
Package textcomp Info: Setting cmss sub-encoding to TS1/0 on input line 350.
Package textcomp Info: Setting cmtt sub-encoding to TS1/0 on input line 351.
Package textcomp Info: Setting cmvtt sub-encoding to TS1/0 on input line 352.
Package textcomp Info: Setting cmbr sub-encoding to TS1/0 on input line 353.
Package textcomp Info: Setting cmtl sub-encoding to TS1/0 on input line 354.
Package textcomp Info: Setting ccr sub-encoding to TS1/0 on input line 355.
Package textcomp Info: Setting ptm sub-encoding to TS1/4 on input line 356.
Package textcomp Info: Setting pcr sub-encoding to TS1/4 on input line 357.
Package textcomp Info: Setting phv sub-encoding to TS1/4 on input line 358.
Package textcomp Info: Setting ppl sub-encoding to TS1/3 on input line 359.
Package textcomp Info: Setting pag sub-encoding to TS1/4 on input line 360.
Package textcomp Info: Setting pbk sub-encoding to TS1/4 on input line 361.
Package textcomp Info: Setting pnc sub-encoding to TS1/4 on input line 362.
Package textcomp Info: Setting pzc sub-encoding to TS1/4 on input line 363.
Package textcomp Info: Setting bch sub-encoding to TS1/4 on input line 364.
Package textcomp Info: Setting put sub-encoding to TS1/5 on input line 365.
Package textcomp Info: Setting uag sub-encoding to TS1/5 on input line 366.
Package textcomp Info: Setting ugq sub-encoding to TS1/5 on input line 367.
Package textcomp Info: Setting ul8 sub-encoding to TS1/4 on input line 368.
Package textcomp Info: Setting ul9 sub-encoding to TS1/4 on input line 369.
Package textcomp Info: Setting augie sub-encoding to TS1/5 on input line 370.
Package textcomp Info: Setting dayrom sub-encoding to TS1/3 on input line 371.
Package textcomp Info: Setting dayroms sub-encoding to TS1/3 on input line 372.

Package textcomp Info: Setting pxr sub-encoding to TS1/0 on input line 373.
Package textcomp Info: Setting pxss sub-encoding to TS1/0 on input line 374.
Package textcomp Info: Setting pxtt sub-encoding to TS1/0 on input line 375.
Package textcomp Info: Setting txr sub-encoding to TS1/0 on input line 376.
Package textcomp Info: Setting txss sub-encoding to TS1/0 on input line 377.
Package textcomp Info: Setting txtt sub-encoding to TS1/0 on input line 378.
Package textcomp Info: Setting lmr sub-encoding to TS1/0 on input line 379.
Package textcomp Info: Setting lmdh sub-encoding to TS1/0 on input line 380.
Package textcomp Info: Setting lmss sub-encoding to TS1/0 on input line 381.
Package textcomp Info: Setting lmssq sub-encoding to TS1/0 on input line 382.
Package textcomp Info: Setting lmvtt sub-encoding to TS1/0 on input line 383.
Package textcomp Info: Setting lmtt sub-encoding to TS1/0 on input line 384.
Package textcomp Info: Setting qhv sub-encoding to TS1/0 on input line 385.
Package textcomp Info: Setting qag sub-encoding to TS1/0 on input line 386.
Package textcomp Info: Setting qbk sub-encoding to TS1/0 on input line 387.
Package textcomp Info: Setting qcr sub-encoding to TS1/0 on input line 388.
Package textcomp Info: Setting qcs sub-encoding to TS1/0 on input line 389.
Package textcomp Info: Setting qpl sub-encoding to TS1/0 on input line 390.
Package textcomp Info: Setting qtm sub-encoding to TS1/0 on input line 391.
Package textcomp Info: Setting qzc sub-encoding to TS1/0 on input line 392.
Package textcomp Info: Setting qhvc sub-encoding to TS1/0 on input line 393.
Package textcomp Info: Setting futs sub-encoding to TS1/4 on input line 394.
Package textcomp Info: Setting futx sub-encoding to TS1/4 on input line 395.
Package textcomp Info: Setting futj sub-encoding to TS1/4 on input line 396.
Package textcomp Info: Setting hlh sub-encoding to TS1/3 on input line 397.
Package textcomp Info: Setting hls sub-encoding to TS1/3 on input line 398.
Package textcomp Info: Setting hlst sub-encoding to TS1/3 on input line 399.
Package textcomp Info: Setting hlct sub-encoding to TS1/5 on input line 400.
Package textcomp Info: Setting hlx sub-encoding to TS1/5 on input line 401.
Package textcomp Info: Setting hlce sub-encoding to TS1/5 on input line 402.
Package textcomp Info: Setting hlcn sub-encoding to TS1/5 on input line 403.
Package textcomp Info: Setting hlcw sub-encoding to TS1/5 on input line 404.
Package textcomp Info: Setting hlcf sub-encoding to TS1/5 on input line 405.
Package textcomp Info: Setting pplx sub-encoding to TS1/3 on input line 406.
Package textcomp Info: Setting pplj sub-encoding to TS1/3 on input line 407.
Package textcomp Info: Setting ptmx sub-encoding to TS1/4 on input line 408.
Package textcomp Info: Setting ptmj sub-encoding to TS1/4 on input line 409.
)
(/usr/share/texlive/texmf-dist/tex/latex/fancyhdr/fancyhdr.sty
Package: fancyhdr 2017/06/30 v3.9a Extensive control of page headers and footer
s
\f@nch@headwidth=\skip75
\f@nch@O@elh=\skip76
\f@nch@O@erh=\skip77
\f@nch@O@olh=\skip78
\f@nch@O@orh=\skip79
\f@nch@O@elf=\skip80
\f@nch@O@erf=\skip81
\f@nch@O@olf=\skip82
\f@nch@O@orf=\skip83
)
\tufteskipamount=\skip84

(/usr/share/texlive/texmf-dist/tex/latex/tools/multicol.sty
Package: multicol 2017/04/11 v1.8q multicolumn formatting (FMi)
\c@tracingmulticols=\count110
\mult@box=\box30
\multicol@leftmargin=\dimen124
\c@unbalance=\count111
\c@collectmore=\count112
\doublecol@number=\count113
\multicoltolerance=\count114
\multicolpretolerance=\count115
\full@width=\dimen125
\page@free=\dimen126
\premulticols=\dimen127
\postmulticols=\dimen128
\multicolsep=\skip85
\multicolbaselineskip=\skip86
\partial@page=\box31
\last@line=\box32
\maxbalancingoverflow=\dimen129
\mult@rightbox=\box33
\mult@grightbox=\box34
\mult@gfirstbox=\box35
\mult@firstbox=\box36
\@tempa=\box37
\@tempa=\box38
\@tempa=\box39
\@tempa=\box40
\@tempa=\box41
\@tempa=\box42
\@tempa=\box43
\@tempa=\box44
\@tempa=\box45
\@tempa=\box46
\@tempa=\box47
\@tempa=\box48
\@tempa=\box49
\@tempa=\box50
\@tempa=\box51
\@tempa=\box52
\@tempa=\box53
\c@columnbadness=\count116
\c@finalcolumnbadness=\count117
\last@try=\dimen130
\multicolovershoot=\dimen131
\multicolundershoot=\dimen132
\mult@nat@firstbox=\box54
\colbreak@box=\box55
\mc@col@check@num=\count118
)))
(/usr/share/texlive/texmf-dist/tex/latex/graphics/graphicx.sty
Package: graphicx 2017/06/01 v1.1a Enhanced LaTeX Graphics (DPC,SPQR)

(/usr/share/texlive/texmf-dist/tex/latex/graphics/graphics.sty
Package: graphics 2017/06/25 v1.2c Standard LaTeX Graphics (DPC,SPQR)

(/usr/share/texlive/texmf-dist/tex/latex/graphics/trig.sty
Package: trig 2016/01/03 v1.10 sin cos tan (DPC)
)
(/usr/share/texlive/texmf-dist/tex/latex/graphics-cfg/graphics.cfg
File: graphics.cfg 2016/06/04 v1.11 sample graphics configuration
)
Package graphics Info: Driver file: pdftex.def on input line 99.
)
\Gin@req@height=\dimen133
\Gin@req@width=\dimen134
)
(/usr/share/texlive/texmf-dist/tex/latex/framed/framed.sty
Package: framed 2011/10/22 v 0.96: framed or shaded text with page breaks
\OuterFrameSep=\skip87
\fb@frw=\dimen135
\fb@frh=\dimen136
\FrameRule=\dimen137
\FrameSep=\dimen138
)
(/usr/share/texlive/texmf-dist/tex/latex/base/alltt.sty
Package: alltt 1997/06/16 v2.0g defines alltt environment
)
(/usr/share/texlive/texmf-dist/tex/latex/upquote/upquote.sty
Package: upquote 2012/04/19 v1.3 upright-quote and grave-accent glyphs in verba
tim
)
(./02_Advenction_and_Diffusion.aux)
\openout1 = `02_Advenction_and_Diffusion.aux'.

LaTeX Font Info:    Checking defaults for OML/cmm/m/it on input line 56.
LaTeX Font Info:    ... okay on input line 56.
LaTeX Font Info:    Checking defaults for T1/cmr/m/n on input line 56.
LaTeX Font Info:    ... okay on input line 56.
LaTeX Font Info:    Checking defaults for OT1/cmr/m/n on input line 56.
LaTeX Font Info:    ... okay on input line 56.
LaTeX Font Info:    Checking defaults for OMS/cmsy/m/n on input line 56.
LaTeX Font Info:    ... okay on input line 56.
LaTeX Font Info:    Checking defaults for OMX/cmex/m/n on input line 56.
LaTeX Font Info:    ... okay on input line 56.
LaTeX Font Info:    Checking defaults for U/cmr/m/n on input line 56.
LaTeX Font Info:    ... okay on input line 56.
LaTeX Font Info:    Checking defaults for PD1/pdf/m/n on input line 56.
LaTeX Font Info:    ... okay on input line 56.
LaTeX Font Info:    Checking defaults for PU/pdf/m/n on input line 56.
LaTeX Font Info:    ... okay on input line 56.
LaTeX Font Info:    Checking defaults for TS1/cmr/m/n on input line 56.
LaTeX Font Info:    Try loading font information for TS1+cmr on input line 56.

(/usr/share/texlive/texmf-dist/tex/latex/base/ts1cmr.fd
File: ts1cmr.fd 2014/09/29 v2.5h Standard LaTeX font definitions
)
LaTeX Font Info:    ... okay on input line 56.
LaTeX Font Info:    Try loading font information for T1+pplj on input line 56.

(/usr/share/texlive/texmf-dist/tex/latex/psnfss/t1pplj.fd
File: t1pplj.fd 2004/09/06 font definitions for T1/pplj.
)
\AtBeginShipoutBox=\box56
Package hyperref Info: Link coloring OFF on input line 56.

(/usr/share/texlive/texmf-dist/tex/latex/hyperref/nameref.sty
Package: nameref 2016/05/21 v2.44 Cross-referencing by name of section

(/usr/share/texlive/texmf-dist/tex/generic/oberdiek/gettitlestring.sty
Package: gettitlestring 2016/05/16 v1.5 Cleanup title references (HO)
)
\c@section@level=\count119
)
LaTeX Info: Redefining \ref on input line 56.
LaTeX Info: Redefining \pageref on input line 56.
LaTeX Info: Redefining \nameref on input line 56.

(./02_Advenction_and_Diffusion.out) (./02_Advenction_and_Diffusion.out)
\@outlinefile=\write3
\openout3 = `02_Advenction_and_Diffusion.out'.


ABD: EverySelectfont initializing macros
LaTeX Info: Redefining \selectfont on input line 56.

*geometry* driver: auto-detecting
*geometry* detected driver: pdftex
*geometry* verbose mode - [ preamble ] result:
* driver: pdftex
* paper: letterpaper
* layout: <same size as paper>
* layoutoffset:(h,v)=(0.0pt,0.0pt)
* modes: twoside asymmetric 
* h-part:(L,W,R)=(72.26999pt, 312.0pt, 230.02501pt)
* v-part:(T,H,B)=(72.26999pt, 616.0pt, 106.7pt)
* \paperwidth=614.295pt
* \paperheight=794.96999pt
* \textwidth=312.0pt
* \textheight=616.0pt
* \oddsidemargin=0.0pt
* \evensidemargin=0.0pt
* \topmargin=-42.0pt
* \headheight=14.0pt
* \headsep=28.0pt
* \topskip=10.0pt
* \footskip=30.0pt
* \marginparwidth=144.0pt
* \marginparsep=24.0pt
* \columnsep=10.0pt
* \skip\footins=9.0pt plus 4.0pt minus 2.0pt
* \hoffset=0.0pt
* \voffset=0.0pt
* \mag=1000
* \@twocolumnfalse
* \@twosidetrue
* \@mparswitchfalse
* \@reversemarginfalse
* (1in=72.27pt=25.4mm, 1cm=28.453pt)

(/usr/share/texlive/texmf-dist/tex/context/base/mkii/supp-pdf.mkii
[Loading MPS to PDF converter (version 2006.09.02).]
\scratchcounter=\count120
\scratchdimen=\dimen139
\scratchbox=\box57
\nofMPsegments=\count121
\nofMParguments=\count122
\everyMPshowfont=\toks19
\MPscratchCnt=\count123
\MPscratchDim=\dimen140
\MPnumerator=\count124
\makeMPintoPDFobject=\count125
\everyMPtoPDFconversion=\toks20
) (/usr/share/texlive/texmf-dist/tex/latex/oberdiek/epstopdf-base.sty
Package: epstopdf-base 2016/05/15 v2.6 Base part for package epstopdf

(/usr/share/texlive/texmf-dist/tex/latex/oberdiek/grfext.sty
Package: grfext 2016/05/16 v1.2 Manage graphics extensions (HO)
)
Package epstopdf-base Info: Redefining graphics rule for `.eps' on input line 4
38.
Package grfext Info: Graphics extension search list:
(grfext)             [.pdf,.png,.jpg,.mps,.jpeg,.jbig2,.jb2,.PDF,.PNG,.JPG,.JPE
G,.JBIG2,.JB2,.eps]
(grfext)             \AppendGraphicsExtensions on input line 456.

(/usr/share/texlive/texmf-dist/tex/latex/latexconfig/epstopdf-sys.cfg
File: epstopdf-sys.cfg 2010/07/13 v1.3 Configuration of (r)epstopdf for TeX Liv
e
))
\big@size=\dimen141
\langwohyphens=\language3
LaTeX Font Info:    Try loading font information for T1+fvm on input line 62.

(/usr/share/texlive/texmf-dist/tex/latex/bera/t1fvm.fd
File: t1fvm.fd 2004/09/07 scalable font definitions for T1/fvm.
)
LaTeX Font Info:    Font shape `T1/fvm/m/n' will be
(Font)              scaled to size 8.50006pt on input line 62.
LaTeX Font Info:    Font shape `T1/fvm/m/it' in size <10> not available
(Font)              Font shape `T1/fvm/m/sl' tried instead on input line 63.
LaTeX Font Info:    Font shape `T1/fvm/m/sl' will be
(Font)              scaled to size 8.50006pt on input line 63.
LaTeX Font Info:    Font shape `T1/fvm/bx/n' in size <10> not available
(Font)              Font shape `T1/fvm/b/n' tried instead on input line 74.
LaTeX Font Info:    Font shape `T1/fvm/b/n' will be
(Font)              scaled to size 8.50006pt on input line 74.

Overfull \hbox (117.91592pt too wide) in paragraph at lines 75--75
[][]\T1/fvm/m/n/10 grid[[][]\T1/fvm/b/n/10 ceiling[][]\T1/fvm/m/n/10 (grid_size
[] []/[] []4[][])][] []<-[] []1[]  []\T1/fvm/m/sl/10 # Initial concentration at
 one-fourth of the grid[][] 
 []

LaTeX Font Info:    Try loading font information for TS1+fvm on input line 79.
(/usr/share/texlive/texmf-dist/tex/latex/bera/ts1fvm.fd
File: ts1fvm.fd 2004/09/07 scalable font definitions for TS1/fvm.
)
LaTeX Font Info:    Font shape `TS1/fvm/m/n' will be
(Font)              scaled to size 8.50006pt on input line 79.

Overfull \hbox (194.58646pt too wide) in paragraph at lines 79--79
[]  []\T1/fvm/b/n/10 plot[][]\T1/fvm/m/n/10 (grid,[] []type[] []=[] []\TS1/fvm/
m/n/10 '\T1/fvm/m/n/10 l\TS1/fvm/m/n/10 '[][]\T1/fvm/m/n/10 ,[] []col[] []=[] [
]\TS1/fvm/m/n/10 '\T1/fvm/m/n/10 blue\TS1/fvm/m/n/10 '[][]\T1/fvm/m/n/10 ,[] []
ylim[] []=[] []\T1/fvm/b/n/10 c[][]\T1/fvm/m/n/10 ([][]0[][],[] []1[][]),[] []x
lab[] []=[] []\TS1/fvm/m/n/10 '\T1/fvm/m/n/10 Grid Point\TS1/fvm/m/n/10 '[][]\T
1/fvm/m/n/10 ,[] []ylab[] []=[] []\TS1/fvm/m/n/10 '\T1/fvm/m/n/10 Concentration
\TS1/fvm/m/n/10 '[][]\T1/fvm/m/n/10 )[][] 
 []


Overfull \hbox (148.53314pt too wide) in paragraph at lines 85--85
[]  []\T1/fvm/m/n/10 advected[] []<-[] []\T1/fvm/b/n/10 c[][]\T1/fvm/m/n/10 (gr
id[[][]-[][]1[][]], grid[[][]1[][]])[]  []\T1/fvm/m/sl/10 # Shift concentration
 to the right (periodic boundary)[][] 
 []


Overfull \hbox (220.17163pt too wide) in paragraph at lines 89--89
[]  []\T1/fvm/m/n/10 diffused[] []<-[] []diffusion_coeff[] []*[] []([][]\T1/fvm
/b/n/10 c[][]\T1/fvm/m/n/10 (grid[[][]-[][]1[][]], grid[[][]1[][]])[] []-[] []2
[] []*[] []grid[] []+[] []\T1/fvm/b/n/10 c[][]\T1/fvm/m/n/10 (grid[grid_size], 
grid[[][]-[][]grid_size]))[][] 
 []

<figure/unnamed-chunk-1-1.pdf, id=12, pagebox=cropbox, 505.89pt x 505.89pt>
File: figure/unnamed-chunk-1-1.pdf Graphic file (type pdf)
<use figure/unnamed-chunk-1-1.pdf>
Package pdftex.def Info: figure/unnamed-chunk-1-1.pdf  used on input line 100. 
on input line 100.
Package pdftex.def Info: Requested size: 312.0pt x 312.00435pt on input line 10
0.

Overfull \hbox (12.0pt too wide) in paragraph at lines 100--101
[][]  
 []

[1

{/usr/share/texlive/texmf-dist/fonts/map/pdftex/updmap/pdftex.map}]
<figure/unnamed-chunk-1-2.pdf, id=23, pagebox=cropbox, 505.89pt x 505.89pt>
File: figure/unnamed-chunk-1-2.pdf Graphic file (type pdf)
<use figure/unnamed-chunk-1-2.pdf>
Package pdftex.def Info: figure/unnamed-chunk-1-2.pdf  used on input line 102. 
on input line 102.
Package pdftex.def Info: Requested size: 312.0pt x 312.00435pt on input line 10
2.

Overfull \hbox (12.0pt too wide) in paragraph at lines 102--103
[][]  
 []

[2 <./figure/unnamed-chunk-1-1.pdf>]
<figure/unnamed-chunk-1-3.pdf, id=34, pagebox=cropbox, 505.89pt x 505.89pt>
File: figure/unnamed-chunk-1-3.pdf Graphic file (type pdf)
<use figure/unnamed-chunk-1-3.pdf>
Package pdftex.def Info: figure/unnamed-chunk-1-3.pdf  used on input line 104. 
on input line 104.
Package pdftex.def Info: Requested size: 312.0pt x 312.00435pt on input line 10
4.

Overfull \hbox (12.0pt too wide) in paragraph at lines 104--105
[][]  
 []

[3 <./figure/unnamed-chunk-1-2.pdf>]
<figure/unnamed-chunk-1-4.pdf, id=44, pagebox=cropbox, 505.89pt x 505.89pt>
File: figure/unnamed-chunk-1-4.pdf Graphic file (type pdf)
<use figure/unnamed-chunk-1-4.pdf>
Package pdftex.def Info: figure/unnamed-chunk-1-4.pdf  used on input line 106. 
on input line 106.
Package pdftex.def Info: Requested size: 312.0pt x 312.00435pt on input line 10
6.

Overfull \hbox (12.0pt too wide) in paragraph at lines 106--107
[][]  
 []

[4 <./figure/unnamed-chunk-1-3.pdf>]
<figure/unnamed-chunk-1-5.pdf, id=54, pagebox=cropbox, 505.89pt x 505.89pt>
File: figure/unnamed-chunk-1-5.pdf Graphic file (type pdf)
<use figure/unnamed-chunk-1-5.pdf>
Package pdftex.def Info: figure/unnamed-chunk-1-5.pdf  used on input line 108. 
on input line 108.
Package pdftex.def Info: Requested size: 312.0pt x 312.00435pt on input line 10
8.

Overfull \hbox (12.0pt too wide) in paragraph at lines 108--109
[][]  
 []

[5 <./figure/unnamed-chunk-1-4.pdf>]
<figure/unnamed-chunk-1-6.pdf, id=64, pagebox=cropbox, 505.89pt x 505.89pt>
File: figure/unnamed-chunk-1-6.pdf Graphic file (type pdf)
<use figure/unnamed-chunk-1-6.pdf>
Package pdftex.def Info: figure/unnamed-chunk-1-6.pdf  used on input line 110. 
on input line 110.
Package pdftex.def Info: Requested size: 312.0pt x 312.00435pt on input line 11
0.

Overfull \hbox (12.0pt too wide) in paragraph at lines 110--111
[][]  
 []

[6 <./figure/unnamed-chunk-1-5.pdf>]
<figure/unnamed-chunk-1-7.pdf, id=74, pagebox=cropbox, 505.89pt x 505.89pt>
File: figure/unnamed-chunk-1-7.pdf Graphic file (type pdf)
<use figure/unnamed-chunk-1-7.pdf>
Package pdftex.def Info: figure/unnamed-chunk-1-7.pdf  used on input line 112. 
on input line 112.
Package pdftex.def Info: Requested size: 312.0pt x 312.00435pt on input line 11
2.

Overfull \hbox (12.0pt too wide) in paragraph at lines 112--113
[][]  
 []

[7 <./figure/unnamed-chunk-1-6.pdf>]
<figure/unnamed-chunk-1-8.pdf, id=85, pagebox=cropbox, 505.89pt x 505.89pt>
File: figure/unnamed-chunk-1-8.pdf Graphic file (type pdf)
<use figure/unnamed-chunk-1-8.pdf>
Package pdftex.def Info: figure/unnamed-chunk-1-8.pdf  used on input line 114. 
on input line 114.
Package pdftex.def Info: Requested size: 312.0pt x 312.00435pt on input line 11
4.

Overfull \hbox (12.0pt too wide) in paragraph at lines 114--115
[][]  
 []

[8 <./figure/unnamed-chunk-1-7.pdf>]
<figure/unnamed-chunk-1-9.pdf, id=95, pagebox=cropbox, 505.89pt x 505.89pt>
File: figure/unnamed-chunk-1-9.pdf Graphic file (type pdf)
<use figure/unnamed-chunk-1-9.pdf>
Package pdftex.def Info: figure/unnamed-chunk-1-9.pdf  used on input line 116. 
on input line 116.
Package pdftex.def Info: Requested size: 312.0pt x 312.00435pt on input line 11
6.

Overfull \hbox (12.0pt too wide) in paragraph at lines 116--117
[][]  
 []

[9 <./figure/unnamed-chunk-1-8.pdf>]
<figure/unnamed-chunk-1-10.pdf, id=105, pagebox=cropbox, 505.89pt x 505.89pt>
File: figure/unnamed-chunk-1-10.pdf Graphic file (type pdf)
<use figure/unnamed-chunk-1-10.pdf>
Package pdftex.def Info: figure/unnamed-chunk-1-10.pdf  used on input line 118.
 on input line 118.
Package pdftex.def Info: Requested size: 312.0pt x 312.00435pt on input line 11
8.

Overfull \hbox (12.0pt too wide) in paragraph at lines 118--119
[][]  
 []

[10 <./figure/unnamed-chunk-1-9.pdf>]
Overfull \hbox (76.89465pt too wide) in paragraph at lines 149--149
[][]\T1/fvm/m/n/10 u[Nx[] []%/%[] []4[][]:[][]([][]3[] []*[] []Nx[] []%/%[] []4
[][])][] []<-[] []1[]  []\T1/fvm/m/sl/10 # Initial pulse in the middle of the d
omain[][] 
 []


Overfull \hbox (363.44861pt too wide) in paragraph at lines 152--152
[][]\T1/fvm/b/n/10 plot[][]\T1/fvm/m/n/10 ([][]\T1/fvm/b/n/10 seq[][]\T1/fvm/m/
n/10 ([][]0[][], L,[] []length.out[] []= Nx), u,[] []type[] []=[] []"l"[][],[] 
[]ylim[] []=[] []\T1/fvm/b/n/10 c[][]\T1/fvm/m/n/10 ([][]0[][],[] []1[][]),[] [
]xlab[] []=[] []"Space"[][],[] []ylab[] []=[] []"Concentration"[][],[] []main[]
 []=[] []"Initial Conditions"[][])[][] 
 []

[11 <./figure/unnamed-chunk-1-10.pdf>]
<figure/unnamed-chunk-2-1.pdf, id=124, pagebox=cropbox, 505.89pt x 505.89pt>
File: figure/unnamed-chunk-2-1.pdf Graphic file (type pdf)
<use figure/unnamed-chunk-2-1.pdf>
Package pdftex.def Info: figure/unnamed-chunk-2-1.pdf  used on input line 155. 
on input line 155.
Package pdftex.def Info: Requested size: 312.0pt x 312.00435pt on input line 15
5.

Overfull \hbox (12.0pt too wide) in paragraph at lines 155--156
[][]  
 []


Overfull \hbox (10.45819pt too wide) in paragraph at lines 157--157
[][]\T1/fvm/m/sl/10 # Advection-Diffusion simulation using finite difference me
thod[][] 
 []


Overfull \hbox (291.81012pt too wide) in paragraph at lines 160--160
[]    []\T1/fvm/m/n/10 u[x][] []<-[] []u[x][] []+[] []alpha[] []*[] [](u[x[] []
+[] []1[][]][] []-[] []2[] []*[] []u[x][] []+[] []u[x[] []-[] []1[][]])[] []*[]
 []dt[] []/[] []dx[][]^[][]2[] []-[] []beta[] []*[] [](u[x[] []+[] []1[][]][] [
]-[] []u[x[] []-[] []1[][]])[] []*[] []dt[] []/[] []([][]2[] []*[] []dx)[][] 
 []


Overfull \hbox (399.26785pt too wide) in paragraph at lines 169--169
[]    []\T1/fvm/b/n/10 plot[][]\T1/fvm/m/n/10 ([][]\T1/fvm/b/n/10 seq[][]\T1/fv
m/m/n/10 ([][]0[][], L,[] []length.out[] []= Nx), u,[] []type[] []=[] []"l"[][]
,[] []ylim[] []=[] []\T1/fvm/b/n/10 c[][]\T1/fvm/m/n/10 ([][]0[][],[] []1[][]),
[] []xlab[] []=[] []"Space"[][],[] []ylab[] []=[] []"Concentration"[][],[] []ma
in[] []=[] []\T1/fvm/b/n/10 paste[][]\T1/fvm/m/n/10 ([][]"Time ="[][], t[] []*[
] []dt))[][] 
 []

[12 <./figure/unnamed-chunk-2-1.pdf>]
<figure/unnamed-chunk-2-2.pdf, id=135, pagebox=cropbox, 505.89pt x 505.89pt>
File: figure/unnamed-chunk-2-2.pdf Graphic file (type pdf)
<use figure/unnamed-chunk-2-2.pdf>
Package pdftex.def Info: figure/unnamed-chunk-2-2.pdf  used on input line 175. 
on input line 175.
Package pdftex.def Info: Requested size: 312.0pt x 312.00435pt on input line 17
5.

Overfull \hbox (12.0pt too wide) in paragraph at lines 175--176
[][]  
 []

<figure/unnamed-chunk-2-3.pdf, id=136, pagebox=cropbox, 505.89pt x 505.89pt>
File: figure/unnamed-chunk-2-3.pdf Graphic file (type pdf)
<use figure/unnamed-chunk-2-3.pdf>
Package pdftex.def Info: figure/unnamed-chunk-2-3.pdf  used on input line 177. 
on input line 177.
Package pdftex.def Info: Requested size: 312.0pt x 312.00435pt on input line 17
7.

Overfull \hbox (12.0pt too wide) in paragraph at lines 177--178
[][]  
 []

[13 <./figure/unnamed-chunk-2-2.pdf>]
<figure/unnamed-chunk-2-4.pdf, id=148, pagebox=cropbox, 505.89pt x 505.89pt>
File: figure/unnamed-chunk-2-4.pdf Graphic file (type pdf)
<use figure/unnamed-chunk-2-4.pdf>
Package pdftex.def Info: figure/unnamed-chunk-2-4.pdf  used on input line 179. 
on input line 179.
Package pdftex.def Info: Requested size: 312.0pt x 312.00435pt on input line 17
9.

Overfull \hbox (12.0pt too wide) in paragraph at lines 179--180
[][]  
 []

[14 <./figure/unnamed-chunk-2-3.pdf>]
<figure/unnamed-chunk-2-5.pdf, id=160, pagebox=cropbox, 505.89pt x 505.89pt>
File: figure/unnamed-chunk-2-5.pdf Graphic file (type pdf)
<use figure/unnamed-chunk-2-5.pdf>
Package pdftex.def Info: figure/unnamed-chunk-2-5.pdf  used on input line 181. 
on input line 181.
Package pdftex.def Info: Requested size: 312.0pt x 312.00435pt on input line 18
1.

Overfull \hbox (12.0pt too wide) in paragraph at lines 181--182
[][]  
 []

[15 <./figure/unnamed-chunk-2-4.pdf>]
<figure/unnamed-chunk-2-6.pdf, id=171, pagebox=cropbox, 505.89pt x 505.89pt>
File: figure/unnamed-chunk-2-6.pdf Graphic file (type pdf)
<use figure/unnamed-chunk-2-6.pdf>
Package pdftex.def Info: figure/unnamed-chunk-2-6.pdf  used on input line 183. 
on input line 183.
Package pdftex.def Info: Requested size: 312.0pt x 312.00435pt on input line 18
3.

Overfull \hbox (12.0pt too wide) in paragraph at lines 183--184
[][]  
 []

[16 <./figure/unnamed-chunk-2-5.pdf>]
<figure/unnamed-chunk-2-7.pdf, id=182, pagebox=cropbox, 505.89pt x 505.89pt>
File: figure/unnamed-chunk-2-7.pdf Graphic file (type pdf)
<use figure/unnamed-chunk-2-7.pdf>
Package pdftex.def Info: figure/unnamed-chunk-2-7.pdf  used on input line 185. 
on input line 185.
Package pdftex.def Info: Requested size: 312.0pt x 312.00435pt on input line 18
5.

Overfull \hbox (12.0pt too wide) in paragraph at lines 185--186
[][]  
 []

[17 <./figure/unnamed-chunk-2-6.pdf>]
<figure/unnamed-chunk-2-8.pdf, id=193, pagebox=cropbox, 505.89pt x 505.89pt>
File: figure/unnamed-chunk-2-8.pdf Graphic file (type pdf)
<use figure/unnamed-chunk-2-8.pdf>
Package pdftex.def Info: figure/unnamed-chunk-2-8.pdf  used on input line 187. 
on input line 187.
Package pdftex.def Info: Requested size: 312.0pt x 312.00435pt on input line 18
7.

Overfull \hbox (12.0pt too wide) in paragraph at lines 187--188
[][]  
 []

[18 <./figure/unnamed-chunk-2-7.pdf>]
<figure/unnamed-chunk-2-9.pdf, id=204, pagebox=cropbox, 505.89pt x 505.89pt>
File: figure/unnamed-chunk-2-9.pdf Graphic file (type pdf)
<use figure/unnamed-chunk-2-9.pdf>
Package pdftex.def Info: figure/unnamed-chunk-2-9.pdf  used on input line 189. 
on input line 189.
Package pdftex.def Info: Requested size: 312.0pt x 312.00435pt on input line 18
9.

Overfull \hbox (12.0pt too wide) in paragraph at lines 189--190
[][]  
 []

[19 <./figure/unnamed-chunk-2-8.pdf>]
<figure/unnamed-chunk-2-10.pdf, id=216, pagebox=cropbox, 505.89pt x 505.89pt>
File: figure/unnamed-chunk-2-10.pdf Graphic file (type pdf)
<use figure/unnamed-chunk-2-10.pdf>
Package pdftex.def Info: figure/unnamed-chunk-2-10.pdf  used on input line 191.
 on input line 191.
Package pdftex.def Info: Requested size: 312.0pt x 312.00435pt on input line 19
1.

Overfull \hbox (12.0pt too wide) in paragraph at lines 191--192
[][]  
 []

[20 <./figure/unnamed-chunk-2-9.pdf>]
<figure/unnamed-chunk-2-11.pdf, id=227, pagebox=cropbox, 505.89pt x 505.89pt>
File: figure/unnamed-chunk-2-11.pdf Graphic file (type pdf)
<use figure/unnamed-chunk-2-11.pdf>
Package pdftex.def Info: figure/unnamed-chunk-2-11.pdf  used on input line 193.
 on input line 193.
Package pdftex.def Info: Requested size: 312.0pt x 312.00435pt on input line 19
3.

Overfull \hbox (12.0pt too wide) in paragraph at lines 193--194
[][]  
 []

[21 <./figure/unnamed-chunk-2-10.pdf>]
Overfull \hbox (327.62936pt too wide) in paragraph at lines 196--196
[][]\T1/fvm/b/n/10 plot[][]\T1/fvm/m/n/10 ([][]\T1/fvm/b/n/10 seq[][]\T1/fvm/m/
n/10 ([][]0[][], L,[] []length.out[] []= Nx), u,[] []type[] []=[] []"l"[][],[] 
[]ylim[] []=[] []\T1/fvm/b/n/10 c[][]\T1/fvm/m/n/10 ([][]0[][],[] []1[][]),[] [
]xlab[] []=[] []"Space"[][],[] []ylab[] []=[] []"Concentration"[][],[] []main[]
 []=[] []"Final State"[][])[][] 
 []

<figure/unnamed-chunk-2-12.pdf, id=238, pagebox=cropbox, 505.89pt x 505.89pt>
File: figure/unnamed-chunk-2-12.pdf Graphic file (type pdf)
<use figure/unnamed-chunk-2-12.pdf>
Package pdftex.def Info: figure/unnamed-chunk-2-12.pdf  used on input line 199.
 on input line 199.
Package pdftex.def Info: Requested size: 312.0pt x 312.00435pt on input line 19
9.

Overfull \hbox (12.0pt too wide) in paragraph at lines 199--201
[][] 
 []

[22 <./figure/unnamed-chunk-2-11.pdf>]
Overfull \hbox (25.7243pt too wide) in paragraph at lines 230--230
[][]\T1/fvm/m/n/10 concentration[] []<-[] []\T1/fvm/b/n/10 initial_condition[][
]\T1/fvm/m/n/10 ([][]\T1/fvm/b/n/10 seq[][]\T1/fvm/m/n/10 ([][]0[][], length_do
main,[] []by[] []= dx))[][] 
 []


Overfull \hbox (82.01169pt too wide) in paragraph at lines 233--233
[][]\T1/fvm/b/n/10 plot[][]\T1/fvm/m/n/10 ([][]\T1/fvm/b/n/10 seq[][]\T1/fvm/m/
n/10 ([][]0[][], length_domain,[] []by[] []= dx), concentration,[] []type[] []=
[] []\TS1/fvm/m/n/10 '\T1/fvm/m/n/10 l\TS1/fvm/m/n/10 '[][]\T1/fvm/m/n/10 ,[] [
]col[] []=[] []\TS1/fvm/m/n/10 '\T1/fvm/m/n/10 blue\TS1/fvm/m/n/10 '[][]\T1/fvm
/m/n/10 ,[][] 
 []


Overfull \hbox (0.13913pt too wide) in paragraph at lines 234--234
[]     []\T1/fvm/m/n/10 ylim[] []=[] []\T1/fvm/b/n/10 c[][]\T1/fvm/m/n/10 ([][]
0[][],[] []1[][]),[] []main[] []=[] []\TS1/fvm/m/n/10 '\T1/fvm/m/n/10 Advection
-Diffusion Simulation\TS1/fvm/m/n/10 '[][]\T1/fvm/m/n/10 ,[][] 
 []


Overfull \hbox (25.7243pt too wide) in paragraph at lines 240--240
[]  []\T1/fvm/m/n/10 advected_concentration[] []<-[] []\T1/fvm/b/n/10 c[][]\T1/
fvm/m/n/10 (concentration[[][]-[][]1[][]], concentration[[][]1[][]])[][] 
 []


Overfull \hbox (644.88553pt too wide) in paragraph at lines 243--243
[]  []\T1/fvm/m/n/10 diffused_concentration[] []<-[] []diffusion_coeff[] []*[] 
[]([][]\T1/fvm/b/n/10 c[][]\T1/fvm/m/n/10 (concentration[[][]2[][]:[][]num_poin
ts], concentration[num_points])[] []-[] []2[] []*[] []concentration[] []+[] []\
T1/fvm/b/n/10 c[][]\T1/fvm/m/n/10 (concentration[[][]1[][]], concentration[[][]
1[][]:[][](num_points[][]-[][]1[][])]))[] []/[] []dx[][]^[][]2[][] 
 []


Overfull \hbox (332.7464pt too wide) in paragraph at lines 246--246
[]  []\T1/fvm/m/n/10 concentration[] []<-[] []concentration[] []-[] []velocity[
] []*[] [](advected_concentration[] []-[] []concentration)[] []*[] []dt[] []/[]
 []dx[] []+[] []diffused_concentration[] []*[] []dt[][] 
 []


Overfull \hbox (179.23535pt too wide) in paragraph at lines 249--249
[]  []\T1/fvm/b/n/10 lines[][]\T1/fvm/m/n/10 ([][]\T1/fvm/b/n/10 seq[][]\T1/fvm
/m/n/10 ([][]0[][], length_domain,[] []by[] []= dx), concentration,[] []col[] [
]=[] []\T1/fvm/b/n/10 rgb[][]\T1/fvm/m/n/10 ([][]0[][],[] []0[][], step[][]/[][
]num_steps),[] []lwd[] []=[] []2[][])[][] 
 []


Overfull \hbox (307.16122pt too wide) in paragraph at lines 253--253
[][]\T1/fvm/b/n/10 legend[][]\T1/fvm/m/n/10 ([][]\TS1/fvm/m/n/10 '\T1/fvm/m/n/1
0 topright\TS1/fvm/m/n/10 '[][]\T1/fvm/m/n/10 ,[] []legend[] []=[] []\T1/fvm/b/
n/10 paste[][]\T1/fvm/m/n/10 ([][]\TS1/fvm/m/n/10 '\T1/fvm/m/n/10 Step\TS1/fvm/
m/n/10 '[][]\T1/fvm/m/n/10 ,[] []1[][]:[][]num_steps),[] []col[] []=[] []\T1/fv
m/b/n/10 rgb[][]\T1/fvm/m/n/10 ([][]0[][],[] []0[][],[] []1[][]:[][]num_steps,[
] []maxColorValue[] []= num_steps),[] []lwd[] []=[] []2[][])[][] 
 []

[23 <./figure/unnamed-chunk-2-12.pdf>]
<figure/unnamed-chunk-3-1.pdf, id=260, pagebox=cropbox, 505.89pt x 505.89pt>
File: figure/unnamed-chunk-3-1.pdf Graphic file (type pdf)
<use figure/unnamed-chunk-3-1.pdf>
Package pdftex.def Info: figure/unnamed-chunk-3-1.pdf  used on input line 256. 
on input line 256.
Package pdftex.def Info: Requested size: 312.0pt x 312.00435pt on input line 25
6.

Overfull \hbox (12.0pt too wide) in paragraph at lines 256--258
[][] 
 []

[24]
Overfull \hbox (56.5115pt too wide) in paragraph at lines 265--265
[][]\T1/fvm/m/sl/10 # Model 2 dimensional advection-diffusion using finite diff
erence method[][] 
 []


Overfull \hbox (409.50192pt too wide) in paragraph at lines 285--285
[][]\T1/fvm/b/n/10 image[][]\T1/fvm/m/n/10 ([][]\T1/fvm/b/n/10 seq[][]\T1/fvm/m
/n/10 ([][]0[][], L,[] []length.out[] []= Nx),[] []\T1/fvm/b/n/10 seq[][]\T1/fv
m/m/n/10 ([][]0[][], L,[] []length.out[] []= Ny), u,[] []col[] []=[] []\T1/fvm/
b/n/10 heat.colors[][]\T1/fvm/m/n/10 ([][]100[][]),[] []xlab[] []=[] []"x"[][],
[] []ylab[] []=[] []"y"[][],[] []main[] []=[] []"Initial Conditions"[][])[][] 
 []


Underfull \vbox (badness 10000) detected at line 287
 []

[25 <./figure/unnamed-chunk-3-1.pdf>]
<figure/unnamed-chunk-4-1.pdf, id=276, pagebox=cropbox, 505.89pt x 505.89pt>
File: figure/unnamed-chunk-4-1.pdf Graphic file (type pdf)
<use figure/unnamed-chunk-4-1.pdf>
Package pdftex.def Info: figure/unnamed-chunk-4-1.pdf  used on input line 288. 
on input line 288.
Package pdftex.def Info: Requested size: 312.0pt x 312.00435pt on input line 28
8.

Overfull \hbox (12.0pt too wide) in paragraph at lines 288--289
[][]  
 []


Overfull \hbox (1008.195pt too wide) in paragraph at lines 294--294
[]      []\T1/fvm/m/n/10 u[x, y][] []<-[] []u[x, y][] []+[] []alpha[] []*[] [](
u[x[] []+[] []1[][], y][] []-[] []2[] []*[] []u[x, y][] []+[] []u[x[] []-[] []1
[][], y])[] []*[] []dt[] []/[] []dx[][]^[][]2[] []+[] []alpha[] []*[] [](u[x, y
[] []+[] []1[][]][] []-[] []2[] []*[] []u[x, y][] []+[] []u[x, y[] []-[] []1[][
]])[] []*[] []dt[] []/[] []dy[][]^[][]2[] []-[] []beta[] []*[] [](u[x[] []+[] [
]1[][], y][] []-[] []u[x[] []-[] []1[][], y])[] []*[] []dt[] []/[] []([][]2[] [
]*[] []dx)[] []-[] []beta[] []*[] [](u[x, y[] []+[] []1[][]][] []-[] []u[x, y[]
 []-[] []1[][]])[] []*[] []dt[] []/[] []([][]2[] []*[] []dy)[][] 
 []


Overfull \hbox (445.32117pt too wide) in paragraph at lines 306--306
[]    []\T1/fvm/b/n/10 image[][]\T1/fvm/m/n/10 ([][]\T1/fvm/b/n/10 seq[][]\T1/f
vm/m/n/10 ([][]0[][], L,[] []length.out[] []= Nx),[] []\T1/fvm/b/n/10 seq[][]\T
1/fvm/m/n/10 ([][]0[][], L,[] []length.out[] []= Ny), u,[] []col[] []=[] []\T1/
fvm/b/n/10 heat.colors[][]\T1/fvm/m/n/10 ([][]100[][]),[] []xlab[] []=[] []"x"[
][],[] []ylab[] []=[] []"y"[][],[] []main[] []=[] []\T1/fvm/b/n/10 paste[][]\T1
/fvm/m/n/10 ([][]"Time ="[][], t[] []*[] []dt))[][] 
 []

[26 <./figure/unnamed-chunk-4-1.pdf>]
<figure/unnamed-chunk-4-2.pdf, id=287, pagebox=cropbox, 505.89pt x 505.89pt>
File: figure/unnamed-chunk-4-2.pdf Graphic file (type pdf)
<use figure/unnamed-chunk-4-2.pdf>
Package pdftex.def Info: figure/unnamed-chunk-4-2.pdf  used on input line 312. 
on input line 312.
Package pdftex.def Info: Requested size: 312.0pt x 312.00435pt on input line 31
2.

Overfull \hbox (12.0pt too wide) in paragraph at lines 312--313
[][]  
 []

<figure/unnamed-chunk-4-3.pdf, id=288, pagebox=cropbox, 505.89pt x 505.89pt>
File: figure/unnamed-chunk-4-3.pdf Graphic file (type pdf)
<use figure/unnamed-chunk-4-3.pdf>
Package pdftex.def Info: figure/unnamed-chunk-4-3.pdf  used on input line 314. 
on input line 314.
Package pdftex.def Info: Requested size: 312.0pt x 312.00435pt on input line 31
4.

Overfull \hbox (12.0pt too wide) in paragraph at lines 314--315
[][]  
 []

[27 <./figure/unnamed-chunk-4-2.pdf>]
<figure/unnamed-chunk-4-4.pdf, id=300, pagebox=cropbox, 505.89pt x 505.89pt>
File: figure/unnamed-chunk-4-4.pdf Graphic file (type pdf)
<use figure/unnamed-chunk-4-4.pdf>
Package pdftex.def Info: figure/unnamed-chunk-4-4.pdf  used on input line 316. 
on input line 316.
Package pdftex.def Info: Requested size: 312.0pt x 312.00435pt on input line 31
6.

Overfull \hbox (12.0pt too wide) in paragraph at lines 316--317
[][]  
 []

[28 <./figure/unnamed-chunk-4-3.pdf>]
<figure/unnamed-chunk-4-5.pdf, id=311, pagebox=cropbox, 505.89pt x 505.89pt>
File: figure/unnamed-chunk-4-5.pdf Graphic file (type pdf)
<use figure/unnamed-chunk-4-5.pdf>
Package pdftex.def Info: figure/unnamed-chunk-4-5.pdf  used on input line 318. 
on input line 318.
Package pdftex.def Info: Requested size: 312.0pt x 312.00435pt on input line 31
8.

Overfull \hbox (12.0pt too wide) in paragraph at lines 318--319
[][]  
 []

[29 <./figure/unnamed-chunk-4-4.pdf>]
<figure/unnamed-chunk-4-6.pdf, id=322, pagebox=cropbox, 505.89pt x 505.89pt>
File: figure/unnamed-chunk-4-6.pdf Graphic file (type pdf)
<use figure/unnamed-chunk-4-6.pdf>
Package pdftex.def Info: figure/unnamed-chunk-4-6.pdf  used on input line 320. 
on input line 320.
Package pdftex.def Info: Requested size: 312.0pt x 312.00435pt on input line 32
0.

Overfull \hbox (12.0pt too wide) in paragraph at lines 320--321
[][]  
 []

[30 <./figure/unnamed-chunk-4-5.pdf>]
<figure/unnamed-chunk-4-7.pdf, id=333, pagebox=cropbox, 505.89pt x 505.89pt>
File: figure/unnamed-chunk-4-7.pdf Graphic file (type pdf)
<use figure/unnamed-chunk-4-7.pdf>
Package pdftex.def Info: figure/unnamed-chunk-4-7.pdf  used on input line 322. 
on input line 322.
Package pdftex.def Info: Requested size: 312.0pt x 312.00435pt on input line 32
2.

Overfull \hbox (12.0pt too wide) in paragraph at lines 322--323
[][]  
 []

[31 <./figure/unnamed-chunk-4-6.pdf>]
<figure/unnamed-chunk-4-8.pdf, id=345, pagebox=cropbox, 505.89pt x 505.89pt>
File: figure/unnamed-chunk-4-8.pdf Graphic file (type pdf)
<use figure/unnamed-chunk-4-8.pdf>
Package pdftex.def Info: figure/unnamed-chunk-4-8.pdf  used on input line 324. 
on input line 324.
Package pdftex.def Info: Requested size: 312.0pt x 312.00435pt on input line 32
4.

Overfull \hbox (12.0pt too wide) in paragraph at lines 324--325
[][]  
 []

[32 <./figure/unnamed-chunk-4-7.pdf>]
<figure/unnamed-chunk-4-9.pdf, id=356, pagebox=cropbox, 505.89pt x 505.89pt>
File: figure/unnamed-chunk-4-9.pdf Graphic file (type pdf)
<use figure/unnamed-chunk-4-9.pdf>
Package pdftex.def Info: figure/unnamed-chunk-4-9.pdf  used on input line 326. 
on input line 326.
Package pdftex.def Info: Requested size: 312.0pt x 312.00435pt on input line 32
6.

Overfull \hbox (12.0pt too wide) in paragraph at lines 326--327
[][]  
 []

[33 <./figure/unnamed-chunk-4-8.pdf>]
<figure/unnamed-chunk-4-10.pdf, id=367, pagebox=cropbox, 505.89pt x 505.89pt>
File: figure/unnamed-chunk-4-10.pdf Graphic file (type pdf)
<use figure/unnamed-chunk-4-10.pdf>
Package pdftex.def Info: figure/unnamed-chunk-4-10.pdf  used on input line 328.
 on input line 328.
Package pdftex.def Info: Requested size: 312.0pt x 312.00435pt on input line 32
8.

Overfull \hbox (12.0pt too wide) in paragraph at lines 328--329
[][]  
 []

[34 <./figure/unnamed-chunk-4-9.pdf>]
<figure/unnamed-chunk-4-11.pdf, id=378, pagebox=cropbox, 505.89pt x 505.89pt>
File: figure/unnamed-chunk-4-11.pdf Graphic file (type pdf)
<use figure/unnamed-chunk-4-11.pdf>
Package pdftex.def Info: figure/unnamed-chunk-4-11.pdf  used on input line 330.
 on input line 330.
Package pdftex.def Info: Requested size: 312.0pt x 312.00435pt on input line 33
0.

Overfull \hbox (12.0pt too wide) in paragraph at lines 330--331
[][]  
 []

[35 <./figure/unnamed-chunk-4-10.pdf>]
Overfull \hbox (373.68268pt too wide) in paragraph at lines 333--333
[][]\T1/fvm/b/n/10 image[][]\T1/fvm/m/n/10 ([][]\T1/fvm/b/n/10 seq[][]\T1/fvm/m
/n/10 ([][]0[][], L,[] []length.out[] []= Nx),[] []\T1/fvm/b/n/10 seq[][]\T1/fv
m/m/n/10 ([][]0[][], L,[] []length.out[] []= Ny), u,[] []col[] []=[] []\T1/fvm/
b/n/10 heat.colors[][]\T1/fvm/m/n/10 ([][]100[][]),[] []xlab[] []=[] []"x"[][],
[] []ylab[] []=[] []"y"[][],[] []main[] []=[] []"Final State"[][])[][] 
 []

<figure/unnamed-chunk-4-12.pdf, id=389, pagebox=cropbox, 505.89pt x 505.89pt>
File: figure/unnamed-chunk-4-12.pdf Graphic file (type pdf)
<use figure/unnamed-chunk-4-12.pdf>
Package pdftex.def Info: figure/unnamed-chunk-4-12.pdf  used on input line 336.
 on input line 336.
Package pdftex.def Info: Requested size: 312.0pt x 312.00435pt on input line 33
6.

Overfull \hbox (12.0pt too wide) in paragraph at lines 336--338
[][] 
 []

[36 <./figure/unnamed-chunk-4-11.pdf>]

Package bibentry Warning: You have used \nobibliography* 
(bibentry)                without a following \bibliography.
(bibentry)                You may not be able to run BibTeX.

Package atveryend Info: Empty hook `BeforeClearDocument' on input line 339.
[37 <./figure/unnamed-chunk-4-12.pdf>]
Package atveryend Info: Empty hook `AfterLastShipout' on input line 339.
 (./02_Advenction_and_Diffusion.aux)
Package atveryend Info: Executing hook `AtVeryEndDocument' on input line 339.
Package atveryend Info: Executing hook `AtEndAfterFileList' on input line 339.
Package rerunfilecheck Info: File `02_Advenction_and_Diffusion.out' has not cha
nged.
(rerunfilecheck)             Checksum: 08D7D573F392101C5C52ECEF7B391CE2;426.
Package atveryend Info: Empty hook `AtVeryVeryEnd' on input line 339.
 ) 
Here is how much of TeX's memory you used:
 12497 strings out of 494917
 181122 string characters out of 6180699
 266490 words of memory out of 5000000
 15529 multiletter control sequences out of 15000+600000
 27048 words of font info for 40 fonts, out of 8000000 for 9000
 14 hyphenation exceptions out of 8191
 45i,12n,45p,985b,394s stack positions out of 5000i,500n,10000p,200000b,80000s
{/usr/share/texlive/texmf-dist/fonts/enc/dvips/base/8r.enc}</usr/share/texliv
e/texmf-dist/fonts/type1/public/fpl/fplrc8a.pfb></usr/share/texlive/texmf-dist/
fonts/type1/public/fpl/fplrij8a.pfb></usr/share/texlive/texmf-dist/fonts/type1/
public/bera/fvmb8a.pfb></usr/share/texlive/texmf-dist/fonts/type1/public/bera/f
vmr8a.pfb></usr/share/texlive/texmf-dist/fonts/type1/public/bera/fvmro8a.pfb></
usr/share/texlive/texmf-dist/fonts/type1/urw/palatino/uplr8a.pfb></usr/share/te
xlive/texmf-dist/fonts/type1/urw/palatino/uplri8a.pfb>
Output written on 02_Advenction_and_Diffusion.pdf (37 pages, 659525 bytes).
PDF statistics:
 451 PDF objects out of 1000 (max. 8388607)
 331 compressed objects within 4 object streams
 40 named destinations out of 1000 (max. 500000)
 1216 words of extra memory for PDF output out of 10000 (max. 10000000)

